2022-07-29 21:09:00 - Devtools property defaults active! Set 'spring.devtools.add-properties' to 'false' to disable
2022-07-29 21:09:00 - For additional web related logging consider setting the 'logging.level.web' property to 'DEBUG'
2022-07-29 21:09:02 - Bootstrapping Spring Data JPA repositories in DEFAULT mode.
2022-07-29 21:09:02 - Finished Spring Data repository scanning in 131 ms. Found 4 JPA repository interfaces.
2022-07-29 21:09:03 - Tomcat initialized with port(s): 8080 (http)
2022-07-29 21:09:03 - Starting service [Tomcat]
2022-07-29 21:09:03 - Starting Servlet engine: [Apache Tomcat/9.0.63]
2022-07-29 21:09:03 - Initializing Spring embedded WebApplicationContext
2022-07-29 21:09:03 - Root WebApplicationContext: initialization completed in 3094 ms
2022-07-29 21:09:04 - HikariPool-1 - Starting...
2022-07-29 21:09:04 - HikariPool-1 - Start completed.
2022-07-29 21:09:04 - H2 console available at '/h2-console'. Database available at 'jdbc:mysql://localhost:3306/exam'
2022-07-29 21:09:04 - HHH000204: Processing PersistenceUnitInfo [name: default]
2022-07-29 21:09:04 - HHH000412: Hibernate ORM core version 5.6.9.Final
2022-07-29 21:09:05 - HCANN000001: Hibernate Commons Annotations {5.1.2.Final}
2022-07-29 21:09:05 - HHH000400: Using dialect: org.hibernate.dialect.MySQL5InnoDBDialect
2022-07-29 21:09:06 - HHH000490: Using JtaPlatform implementation: [org.hibernate.engine.transaction.jta.platform.internal.NoJtaPlatform]
2022-07-29 21:09:06 - Initialized JPA EntityManagerFactory for persistence unit 'default'
2022-07-29 21:09:07 - spring.jpa.open-in-view is enabled by default. Therefore, database queries may be performed during view rendering. Explicitly configure spring.jpa.open-in-view to disable this warning
2022-07-29 21:09:07 - Will secure any request with [org.springframework.security.web.session.DisableEncodeUrlFilter@d46a166, org.springframework.security.web.context.request.async.WebAsyncManagerIntegrationFilter@7a4b190a, org.springframework.security.web.context.SecurityContextPersistenceFilter@39df853e, org.springframework.security.web.header.HeaderWriterFilter@3b6efe1f, org.springframework.security.web.authentication.logout.LogoutFilter@50334fcb, com.example.demo.filter.JwtFilter@2fba6fba, org.springframework.security.web.savedrequest.RequestCacheAwareFilter@4b6c006a, org.springframework.security.web.servletapi.SecurityContextHolderAwareRequestFilter@4f55eced, org.springframework.security.web.authentication.AnonymousAuthenticationFilter@54f89954, org.springframework.security.web.session.SessionManagementFilter@2ff55884, org.springframework.security.web.access.ExceptionTranslationFilter@479b6e66, org.springframework.security.web.access.intercept.FilterSecurityInterceptor@713a45af]
2022-07-29 21:09:08 - LiveReload server is running on port 35729
2022-07-29 21:09:08 - Exposing 14 endpoint(s) beneath base path '/actuator'
2022-07-29 21:09:08 - Tomcat started on port(s): 8080 (http) with context path ''
2022-07-29 21:13:10 - Initializing Spring DispatcherServlet 'dispatcherServlet'
2022-07-29 21:13:10 - Initializing Servlet 'dispatcherServlet'
2022-07-29 21:13:10 - Completed initialization in 2 ms
